2024-10-11 09:07:55,213 - wa - INFO - Processing message from 905330475085 - Type: text, ID: wamid.HBgMOTA1MzMwNDc1MDg1FQIAEhgUM0EzQUMzRDg3OTEwRkQzNzBBMUEA
2024-10-11 09:07:55,213 - wa - INFO - Processing text message from user 905330475085: /menu
2024-10-11 09:07:55,428 - wa - INFO - Received raw update: {'object': 'whatsapp_business_account', 'entry': [{'id': '401099046422459', 'changes': [{'value': {'messaging_product': 'whatsapp', 'metadata': {'display_phone_number': '905058247090', 'phone_number_id': '347058841835061'}, 'contacts': [{'profile': {'name': 'G'}, 'wa_id': '905330475085'}], 'messages': [{'from': '905330475085', 'id': 'wamid.HBgMOTA1MzMwNDc1MDg1FQIAEhgUM0EzQUMzRDg3OTEwRkQzNzBBMUEA', 'timestamp': '1728637673', 'text': {'body': '/menu'}, 'type': 'text'}]}, 'field': 'messages'}]}]}
2024-10-11 09:07:55,429 - wa - INFO - Broadcasting message: {"type": "new_message", "message": {"id": "wamid.HBgMOTA1MzMwNDc1MDg1FQIAEhgUM0EzQUMzRDg3OTEwRkQzNzBBMUEA", "from": "905330475085", "to": "347058841835061", "timestamp": "2024-10-11T09:07:55.428653", "status": "received", "type": "text", "text": "/menu"}}
2024-10-11 09:09:43,674 - wa - INFO - Processing message from 905330475085 - Type: text, ID: wamid.HBgMOTA1MzMwNDc1MDg1FQIAEhgUM0EwRTQxOEE1RTcwRjE3MkVFQzgA
2024-10-11 09:09:43,674 - wa - INFO - Processing text message from user 905330475085: hi
2024-10-11 09:09:43,913 - wa - INFO - Received raw update: {'object': 'whatsapp_business_account', 'entry': [{'id': '401099046422459', 'changes': [{'value': {'messaging_product': 'whatsapp', 'metadata': {'display_phone_number': '905058247090', 'phone_number_id': '347058841835061'}, 'contacts': [{'profile': {'name': 'G'}, 'wa_id': '905330475085'}], 'messages': [{'from': '905330475085', 'id': 'wamid.HBgMOTA1MzMwNDc1MDg1FQIAEhgUM0EwRTQxOEE1RTcwRjE3MkVFQzgA', 'timestamp': '1728637782', 'text': {'body': 'hi'}, 'type': 'text'}]}, 'field': 'messages'}]}]}
2024-10-11 09:09:43,913 - wa - INFO - Broadcasting message: {"type": "new_message", "message": {"id": "wamid.HBgMOTA1MzMwNDc1MDg1FQIAEhgUM0EwRTQxOEE1RTcwRjE3MkVFQzgA", "from": "905330475085", "to": "347058841835061", "timestamp": "2024-10-11T09:09:43.913515", "status": "received", "type": "text", "text": "hi"}}
2024-10-11 09:10:01,982 - wa - INFO - Processing message from 905330475085 - Type: text, ID: wamid.HBgMOTA1MzMwNDc1MDg1FQIAEhgUM0E5MTRERjgxRjhDMUEwM0M5QTcA
2024-10-11 09:10:01,982 - wa - INFO - Processing text message from user 905330475085: /menu
2024-10-11 09:10:02,198 - wa - INFO - Received raw update: {'object': 'whatsapp_business_account', 'entry': [{'id': '401099046422459', 'changes': [{'value': {'messaging_product': 'whatsapp', 'metadata': {'display_phone_number': '905058247090', 'phone_number_id': '347058841835061'}, 'contacts': [{'profile': {'name': 'G'}, 'wa_id': '905330475085'}], 'messages': [{'from': '905330475085', 'id': 'wamid.HBgMOTA1MzMwNDc1MDg1FQIAEhgUM0E5MTRERjgxRjhDMUEwM0M5QTcA', 'timestamp': '1728637800', 'text': {'body': '/menu'}, 'type': 'text'}]}, 'field': 'messages'}]}]}
2024-10-11 09:10:02,199 - wa - INFO - Broadcasting message: {"type": "new_message", "message": {"id": "wamid.HBgMOTA1MzMwNDc1MDg1FQIAEhgUM0E5MTRERjgxRjhDMUEwM0M5QTcA", "from": "905330475085", "to": "347058841835061", "timestamp": "2024-10-11T09:10:02.199294", "status": "received", "type": "text", "text": "/menu"}}
2024-10-11 09:10:55,254 - wa - INFO - Processing message from 905330475085 - Type: text, ID: wamid.HBgMOTA1MzMwNDc1MDg1FQIAEhgUM0FGMkQwOEY4RUIyNzM1RTVDOEEA
2024-10-11 09:10:55,255 - wa - INFO - Processing text message from user 905330475085: /menu
2024-10-11 09:10:56,425 - wa - INFO - Received raw update: {'object': 'whatsapp_business_account', 'entry': [{'id': '401099046422459', 'changes': [{'value': {'messaging_product': 'whatsapp', 'metadata': {'display_phone_number': '905058247090', 'phone_number_id': '347058841835061'}, 'contacts': [{'profile': {'name': 'G'}, 'wa_id': '905330475085'}], 'messages': [{'from': '905330475085', 'id': 'wamid.HBgMOTA1MzMwNDc1MDg1FQIAEhgUM0FGMkQwOEY4RUIyNzM1RTVDOEEA', 'timestamp': '1728637853', 'text': {'body': '/menu'}, 'type': 'text'}]}, 'field': 'messages'}]}]}
2024-10-11 09:10:56,427 - wa - INFO - Broadcasting message: {"type": "new_message", "message": {"id": "wamid.HBgMOTA1MzMwNDc1MDg1FQIAEhgUM0FGMkQwOEY4RUIyNzM1RTVDOEEA", "from": "905330475085", "to": "347058841835061", "timestamp": "2024-10-11T09:10:56.426653", "status": "received", "type": "text", "text": "/menu"}}
2024-10-11 09:10:57,759 - wa - INFO - Message status update: sent for message wamid.HBgMOTA1MzMwNDc1MDg1FQIAERgSNkRCNjRFNEFENjUwNjY4MzIwAA==
2024-10-11 09:10:57,760 - wa - INFO - Received raw update: {'object': 'whatsapp_business_account', 'entry': [{'id': '401099046422459', 'changes': [{'value': {'messaging_product': 'whatsapp', 'metadata': {'display_phone_number': '905058247090', 'phone_number_id': '347058841835061'}, 'statuses': [{'id': 'wamid.HBgMOTA1MzMwNDc1MDg1FQIAERgSNkRCNjRFNEFENjUwNjY4MzIwAA==', 'status': 'sent', 'timestamp': '1728637856', 'recipient_id': '905330475085', 'conversation': {'id': 'ed2e6db70ae4d57396bd88daa082d730', 'expiration_timestamp': '1728724260', 'origin': {'type': 'service'}}, 'pricing': {'billable': True, 'pricing_model': 'CBP', 'category': 'service'}}]}, 'field': 'messages'}]}]}
2024-10-11 09:10:57,760 - wa - INFO - Received status update: {'id': 'wamid.HBgMOTA1MzMwNDc1MDg1FQIAERgSNkRCNjRFNEFENjUwNjY4MzIwAA==', 'status': 'sent', 'timestamp': '1728637856', 'recipient_id': '905330475085', 'conversation': {'id': 'ed2e6db70ae4d57396bd88daa082d730', 'expiration_timestamp': '1728724260', 'origin': {'type': 'service'}}, 'pricing': {'billable': True, 'pricing_model': 'CBP', 'category': 'service'}}
2024-10-11 09:10:57,760 - wa - INFO - Broadcasting message: {"type": "status_update", "status": {"id": "wamid.HBgMOTA1MzMwNDc1MDg1FQIAERgSNkRCNjRFNEFENjUwNjY4MzIwAA==", "status": "sent", "timestamp": "2024-10-11T09:10:56"}}
2024-10-11 09:10:57,761 - wa - INFO - Broadcasting message: {"type": "status_update", "status": {"id": "wamid.HBgMOTA1MzMwNDc1MDg1FQIAERgSNkRCNjRFNEFENjUwNjY4MzIwAA==", "status": "sent", "timestamp": "1728637856", "recipient_id": "905330475085", "conversation": {"id": "ed2e6db70ae4d57396bd88daa082d730", "expiration_timestamp": "1728724260", "origin": {"type": "service"}}, "pricing": {"billable": true, "pricing_model": "CBP", "category": "service"}}}
2024-10-11 09:10:58,299 - wa - INFO - Message status update: delivered for message wamid.HBgMOTA1MzMwNDc1MDg1FQIAERgSNkRCNjRFNEFENjUwNjY4MzIwAA==
2024-10-11 09:10:58,299 - wa - INFO - Received raw update: {'object': 'whatsapp_business_account', 'entry': [{'id': '401099046422459', 'changes': [{'value': {'messaging_product': 'whatsapp', 'metadata': {'display_phone_number': '905058247090', 'phone_number_id': '347058841835061'}, 'statuses': [{'id': 'wamid.HBgMOTA1MzMwNDc1MDg1FQIAERgSNkRCNjRFNEFENjUwNjY4MzIwAA==', 'status': 'delivered', 'timestamp': '1728637856', 'recipient_id': '905330475085', 'conversation': {'id': 'ed2e6db70ae4d57396bd88daa082d730', 'origin': {'type': 'service'}}, 'pricing': {'billable': True, 'pricing_model': 'CBP', 'category': 'service'}}]}, 'field': 'messages'}]}]}
2024-10-11 09:10:58,299 - wa - INFO - Received status update: {'id': 'wamid.HBgMOTA1MzMwNDc1MDg1FQIAERgSNkRCNjRFNEFENjUwNjY4MzIwAA==', 'status': 'delivered', 'timestamp': '1728637856', 'recipient_id': '905330475085', 'conversation': {'id': 'ed2e6db70ae4d57396bd88daa082d730', 'origin': {'type': 'service'}}, 'pricing': {'billable': True, 'pricing_model': 'CBP', 'category': 'service'}}
2024-10-11 09:10:58,300 - wa - INFO - Broadcasting message: {"type": "status_update", "status": {"id": "wamid.HBgMOTA1MzMwNDc1MDg1FQIAERgSNkRCNjRFNEFENjUwNjY4MzIwAA==", "status": "delivered", "timestamp": "2024-10-11T09:10:56"}}
2024-10-11 09:10:58,300 - wa - INFO - Broadcasting message: {"type": "status_update", "status": {"id": "wamid.HBgMOTA1MzMwNDc1MDg1FQIAERgSNkRCNjRFNEFENjUwNjY4MzIwAA==", "status": "delivered", "timestamp": "1728637856", "recipient_id": "905330475085", "conversation": {"id": "ed2e6db70ae4d57396bd88daa082d730", "origin": {"type": "service"}}, "pricing": {"billable": true, "pricing_model": "CBP", "category": "service"}}}
2024-10-11 09:11:03,865 - wa - INFO - Message status update: read for message wamid.HBgMOTA1MzMwNDc1MDg1FQIAERgSNkRCNjRFNEFENjUwNjY4MzIwAA==
2024-10-11 09:11:03,866 - wa - INFO - Received raw update: {'object': 'whatsapp_business_account', 'entry': [{'id': '401099046422459', 'changes': [{'value': {'messaging_product': 'whatsapp', 'metadata': {'display_phone_number': '905058247090', 'phone_number_id': '347058841835061'}, 'statuses': [{'id': 'wamid.HBgMOTA1MzMwNDc1MDg1FQIAERgSNkRCNjRFNEFENjUwNjY4MzIwAA==', 'status': 'read', 'timestamp': '1728637862', 'recipient_id': '905330475085'}]}, 'field': 'messages'}]}]}
2024-10-11 09:11:03,866 - wa - INFO - Received status update: {'id': 'wamid.HBgMOTA1MzMwNDc1MDg1FQIAERgSNkRCNjRFNEFENjUwNjY4MzIwAA==', 'status': 'read', 'timestamp': '1728637862', 'recipient_id': '905330475085'}
2024-10-11 09:11:03,867 - wa - INFO - Broadcasting message: {"type": "status_update", "status": {"id": "wamid.HBgMOTA1MzMwNDc1MDg1FQIAERgSNkRCNjRFNEFENjUwNjY4MzIwAA==", "status": "read", "timestamp": "2024-10-11T09:11:02"}}
2024-10-11 09:11:03,867 - wa - INFO - Broadcasting message: {"type": "status_update", "status": {"id": "wamid.HBgMOTA1MzMwNDc1MDg1FQIAERgSNkRCNjRFNEFENjUwNjY4MzIwAA==", "status": "read", "timestamp": "1728637862", "recipient_id": "905330475085"}}
2024-10-11 09:11:05,928 - wa - INFO - Button pressed: more_options
2024-10-11 09:11:05,928 - wa - INFO - User 905330475085 requested more options
2024-10-11 09:11:06,406 - wa - INFO - Received raw update: {'object': 'whatsapp_business_account', 'entry': [{'id': '401099046422459', 'changes': [{'value': {'messaging_product': 'whatsapp', 'metadata': {'display_phone_number': '905058247090', 'phone_number_id': '347058841835061'}, 'contacts': [{'profile': {'name': 'G'}, 'wa_id': '905330475085'}], 'messages': [{'context': {'from': '905058247090', 'id': 'wamid.HBgMOTA1MzMwNDc1MDg1FQIAERgSNkRCNjRFNEFENjUwNjY4MzIwAA=='}, 'from': '905330475085', 'id': 'wamid.HBgMOTA1MzMwNDc1MDg1FQIAEhgUM0EzNjJBMzE0NDZENTE5NTAzQ0QA', 'timestamp': '1728637864', 'type': 'interactive', 'interactive': {'type': 'button_reply', 'button_reply': {'id': '1~more_options~more~¤', 'title': 'Diğer İşlemler'}}}]}, 'field': 'messages'}]}]}
2024-10-11 09:11:06,407 - wa - INFO - Broadcasting message: {"type": "new_message", "message": {"id": "wamid.HBgMOTA1MzMwNDc1MDg1FQIAEhgUM0EzNjJBMzE0NDZENTE5NTAzQ0QA", "from": "905330475085", "to": "347058841835061", "timestamp": "2024-10-11T09:11:06.406727", "status": "received", "type": "interactive", "interactive": {"type": "button_reply", "button_reply": {"id": "1~more_options~more~\u00a4", "title": "Di\u011fer \u0130\u015flemler"}}}}
2024-10-11 09:11:06,407 - wa - INFO - Processing message from 905330475085 - Type: interactive, ID: wamid.HBgMOTA1MzMwNDc1MDg1FQIAEhgUM0EzNjJBMzE0NDZENTE5NTAzQ0QA
2024-10-11 09:11:06,407 - wa - INFO - Processing interactive message from user 905330475085
2024-10-11 09:11:06,407 - wa - INFO - Button pressed: 1~more_options~more~¤
2024-10-11 09:11:07,856 - wa - INFO - Message status update: sent for message wamid.HBgMOTA1MzMwNDc1MDg1FQIAERgSRTJENjUwMzVCRjg0NUVFQTIyAA==
2024-10-11 09:11:07,857 - wa - INFO - Received raw update: {'object': 'whatsapp_business_account', 'entry': [{'id': '401099046422459', 'changes': [{'value': {'messaging_product': 'whatsapp', 'metadata': {'display_phone_number': '905058247090', 'phone_number_id': '347058841835061'}, 'statuses': [{'id': 'wamid.HBgMOTA1MzMwNDc1MDg1FQIAERgSRTJENjUwMzVCRjg0NUVFQTIyAA==', 'status': 'sent', 'timestamp': '1728637866', 'recipient_id': '905330475085', 'conversation': {'id': 'ed2e6db70ae4d57396bd88daa082d730', 'expiration_timestamp': '1728724260', 'origin': {'type': 'service'}}, 'pricing': {'billable': True, 'pricing_model': 'CBP', 'category': 'service'}}]}, 'field': 'messages'}]}]}
2024-10-11 09:11:07,857 - wa - INFO - Received status update: {'id': 'wamid.HBgMOTA1MzMwNDc1MDg1FQIAERgSRTJENjUwMzVCRjg0NUVFQTIyAA==', 'status': 'sent', 'timestamp': '1728637866', 'recipient_id': '905330475085', 'conversation': {'id': 'ed2e6db70ae4d57396bd88daa082d730', 'expiration_timestamp': '1728724260', 'origin': {'type': 'service'}}, 'pricing': {'billable': True, 'pricing_model': 'CBP', 'category': 'service'}}
2024-10-11 09:11:07,858 - wa - INFO - Broadcasting message: {"type": "status_update", "status": {"id": "wamid.HBgMOTA1MzMwNDc1MDg1FQIAERgSRTJENjUwMzVCRjg0NUVFQTIyAA==", "status": "sent", "timestamp": "2024-10-11T09:11:06"}}
2024-10-11 09:11:07,858 - wa - INFO - Broadcasting message: {"type": "status_update", "status": {"id": "wamid.HBgMOTA1MzMwNDc1MDg1FQIAERgSRTJENjUwMzVCRjg0NUVFQTIyAA==", "status": "sent", "timestamp": "1728637866", "recipient_id": "905330475085", "conversation": {"id": "ed2e6db70ae4d57396bd88daa082d730", "expiration_timestamp": "1728724260", "origin": {"type": "service"}}, "pricing": {"billable": true, "pricing_model": "CBP", "category": "service"}}}
2024-10-11 09:11:08,229 - wa - INFO - Message status update: delivered for message wamid.HBgMOTA1MzMwNDc1MDg1FQIAERgSRTJENjUwMzVCRjg0NUVFQTIyAA==
2024-10-11 09:11:08,230 - wa - INFO - Received raw update: {'object': 'whatsapp_business_account', 'entry': [{'id': '401099046422459', 'changes': [{'value': {'messaging_product': 'whatsapp', 'metadata': {'display_phone_number': '905058247090', 'phone_number_id': '347058841835061'}, 'statuses': [{'id': 'wamid.HBgMOTA1MzMwNDc1MDg1FQIAERgSRTJENjUwMzVCRjg0NUVFQTIyAA==', 'status': 'delivered', 'timestamp': '1728637866', 'recipient_id': '905330475085', 'conversation': {'id': 'ed2e6db70ae4d57396bd88daa082d730', 'origin': {'type': 'service'}}, 'pricing': {'billable': True, 'pricing_model': 'CBP', 'category': 'service'}}]}, 'field': 'messages'}]}]}
2024-10-11 09:11:08,230 - wa - INFO - Received status update: {'id': 'wamid.HBgMOTA1MzMwNDc1MDg1FQIAERgSRTJENjUwMzVCRjg0NUVFQTIyAA==', 'status': 'delivered', 'timestamp': '1728637866', 'recipient_id': '905330475085', 'conversation': {'id': 'ed2e6db70ae4d57396bd88daa082d730', 'origin': {'type': 'service'}}, 'pricing': {'billable': True, 'pricing_model': 'CBP', 'category': 'service'}}
2024-10-11 09:11:08,231 - wa - INFO - Broadcasting message: {"type": "status_update", "status": {"id": "wamid.HBgMOTA1MzMwNDc1MDg1FQIAERgSRTJENjUwMzVCRjg0NUVFQTIyAA==", "status": "delivered", "timestamp": "2024-10-11T09:11:06"}}
2024-10-11 09:11:08,231 - wa - INFO - Broadcasting message: {"type": "status_update", "status": {"id": "wamid.HBgMOTA1MzMwNDc1MDg1FQIAERgSRTJENjUwMzVCRjg0NUVFQTIyAA==", "status": "delivered", "timestamp": "1728637866", "recipient_id": "905330475085", "conversation": {"id": "ed2e6db70ae4d57396bd88daa082d730", "origin": {"type": "service"}}, "pricing": {"billable": true, "pricing_model": "CBP", "category": "service"}}}
2024-10-11 09:11:08,487 - wa - INFO - Message status update: read for message wamid.HBgMOTA1MzMwNDc1MDg1FQIAERgSRTJENjUwMzVCRjg0NUVFQTIyAA==
2024-10-11 09:11:08,487 - wa - INFO - Received raw update: {'object': 'whatsapp_business_account', 'entry': [{'id': '401099046422459', 'changes': [{'value': {'messaging_product': 'whatsapp', 'metadata': {'display_phone_number': '905058247090', 'phone_number_id': '347058841835061'}, 'statuses': [{'id': 'wamid.HBgMOTA1MzMwNDc1MDg1FQIAERgSRTJENjUwMzVCRjg0NUVFQTIyAA==', 'status': 'read', 'timestamp': '1728637866', 'recipient_id': '905330475085'}]}, 'field': 'messages'}]}]}
2024-10-11 09:11:08,487 - wa - INFO - Received status update: {'id': 'wamid.HBgMOTA1MzMwNDc1MDg1FQIAERgSRTJENjUwMzVCRjg0NUVFQTIyAA==', 'status': 'read', 'timestamp': '1728637866', 'recipient_id': '905330475085'}
2024-10-11 09:11:08,488 - wa - INFO - Broadcasting message: {"type": "status_update", "status": {"id": "wamid.HBgMOTA1MzMwNDc1MDg1FQIAERgSRTJENjUwMzVCRjg0NUVFQTIyAA==", "status": "read", "timestamp": "2024-10-11T09:11:06"}}
2024-10-11 09:11:08,488 - wa - INFO - Broadcasting message: {"type": "status_update", "status": {"id": "wamid.HBgMOTA1MzMwNDc1MDg1FQIAERgSRTJENjUwMzVCRjg0NUVFQTIyAA==", "status": "read", "timestamp": "1728637866", "recipient_id": "905330475085"}}
2024-10-11 09:11:10,432 - wa - INFO - Button pressed: upload_image
2024-10-11 09:11:10,432 - wa - INFO - User 905330475085 requested to upload an image for cargo
2024-10-11 09:11:10,432 - wa - INFO - Sending response to user 905330475085: Lütfen kargo için bir resim gönderin. Resmi aldıktan sonra takip numarasını soracağım.
2024-10-11 09:11:10,942 - wa - INFO - Received raw update: {'object': 'whatsapp_business_account', 'entry': [{'id': '401099046422459', 'changes': [{'value': {'messaging_product': 'whatsapp', 'metadata': {'display_phone_number': '905058247090', 'phone_number_id': '347058841835061'}, 'contacts': [{'profile': {'name': 'G'}, 'wa_id': '905330475085'}], 'messages': [{'context': {'from': '905058247090', 'id': 'wamid.HBgMOTA1MzMwNDc1MDg1FQIAERgSRTJENjUwMzVCRjg0NUVFQTIyAA=='}, 'from': '905330475085', 'id': 'wamid.HBgMOTA1MzMwNDc1MDg1FQIAEhgUM0FDREVEOUNFRUUxOUYwNzVGREQA', 'timestamp': '1728637869', 'type': 'interactive', 'interactive': {'type': 'button_reply', 'button_reply': {'id': '1~upload_image~cargo~¤', 'title': 'Resim Yükle'}}}]}, 'field': 'messages'}]}]}
2024-10-11 09:11:10,942 - wa - ERROR - Unexpected error in handle_raw_update: 'messages'
Traceback (most recent call last):
  File "/home/runner/noodWP/wa140.py", line 445, in handle_raw_update
    conversations[from_id]["messages"].append(new_message)
KeyError: 'messages'
2024-10-11 09:11:12,495 - wa - INFO - Message status update: sent for message wamid.HBgMOTA1MzMwNDc1MDg1FQIAERgSNDBDRUREMkJGMkVDRTFBMDVGAA==
2024-10-11 09:11:12,496 - wa - INFO - Received raw update: {'object': 'whatsapp_business_account', 'entry': [{'id': '401099046422459', 'changes': [{'value': {'messaging_product': 'whatsapp', 'metadata': {'display_phone_number': '905058247090', 'phone_number_id': '347058841835061'}, 'statuses': [{'id': 'wamid.HBgMOTA1MzMwNDc1MDg1FQIAERgSNDBDRUREMkJGMkVDRTFBMDVGAA==', 'status': 'sent', 'timestamp': '1728637871', 'recipient_id': '905330475085', 'conversation': {'id': 'ed2e6db70ae4d57396bd88daa082d730', 'expiration_timestamp': '1728724260', 'origin': {'type': 'service'}}, 'pricing': {'billable': True, 'pricing_model': 'CBP', 'category': 'service'}}]}, 'field': 'messages'}]}]}
2024-10-11 09:11:12,496 - wa - INFO - Received status update: {'id': 'wamid.HBgMOTA1MzMwNDc1MDg1FQIAERgSNDBDRUREMkJGMkVDRTFBMDVGAA==', 'status': 'sent', 'timestamp': '1728637871', 'recipient_id': '905330475085', 'conversation': {'id': 'ed2e6db70ae4d57396bd88daa082d730', 'expiration_timestamp': '1728724260', 'origin': {'type': 'service'}}, 'pricing': {'billable': True, 'pricing_model': 'CBP', 'category': 'service'}}
2024-10-11 09:11:12,497 - wa - INFO - Broadcasting message: {"type": "status_update", "status": {"id": "wamid.HBgMOTA1MzMwNDc1MDg1FQIAERgSNDBDRUREMkJGMkVDRTFBMDVGAA==", "status": "sent", "timestamp": "2024-10-11T09:11:11"}}
2024-10-11 09:11:12,497 - wa - INFO - Broadcasting message: {"type": "status_update", "status": {"id": "wamid.HBgMOTA1MzMwNDc1MDg1FQIAERgSNDBDRUREMkJGMkVDRTFBMDVGAA==", "status": "sent", "timestamp": "1728637871", "recipient_id": "905330475085", "conversation": {"id": "ed2e6db70ae4d57396bd88daa082d730", "expiration_timestamp": "1728724260", "origin": {"type": "service"}}, "pricing": {"billable": true, "pricing_model": "CBP", "category": "service"}}}
2024-10-11 09:11:12,741 - wa - INFO - Message status update: read for message wamid.HBgMOTA1MzMwNDc1MDg1FQIAERgSNDBDRUREMkJGMkVDRTFBMDVGAA==
2024-10-11 09:11:12,741 - wa - INFO - Received raw update: {'object': 'whatsapp_business_account', 'entry': [{'id': '401099046422459', 'changes': [{'value': {'messaging_product': 'whatsapp', 'metadata': {'display_phone_number': '905058247090', 'phone_number_id': '347058841835061'}, 'statuses': [{'id': 'wamid.HBgMOTA1MzMwNDc1MDg1FQIAERgSNDBDRUREMkJGMkVDRTFBMDVGAA==', 'status': 'read', 'timestamp': '1728637871', 'recipient_id': '905330475085'}]}, 'field': 'messages'}]}]}
2024-10-11 09:11:12,741 - wa - INFO - Received status update: {'id': 'wamid.HBgMOTA1MzMwNDc1MDg1FQIAERgSNDBDRUREMkJGMkVDRTFBMDVGAA==', 'status': 'read', 'timestamp': '1728637871', 'recipient_id': '905330475085'}
2024-10-11 09:11:12,741 - wa - INFO - Broadcasting message: {"type": "status_update", "status": {"id": "wamid.HBgMOTA1MzMwNDc1MDg1FQIAERgSNDBDRUREMkJGMkVDRTFBMDVGAA==", "status": "read", "timestamp": "2024-10-11T09:11:11"}}
2024-10-11 09:11:12,742 - wa - INFO - Broadcasting message: {"type": "status_update", "status": {"id": "wamid.HBgMOTA1MzMwNDc1MDg1FQIAERgSNDBDRUREMkJGMkVDRTFBMDVGAA==", "status": "read", "timestamp": "1728637871", "recipient_id": "905330475085"}}
2024-10-11 09:11:12,754 - wa - INFO - Message status update: delivered for message wamid.HBgMOTA1MzMwNDc1MDg1FQIAERgSNDBDRUREMkJGMkVDRTFBMDVGAA==
2024-10-11 09:11:12,755 - wa - INFO - Received raw update: {'object': 'whatsapp_business_account', 'entry': [{'id': '401099046422459', 'changes': [{'value': {'messaging_product': 'whatsapp', 'metadata': {'display_phone_number': '905058247090', 'phone_number_id': '347058841835061'}, 'statuses': [{'id': 'wamid.HBgMOTA1MzMwNDc1MDg1FQIAERgSNDBDRUREMkJGMkVDRTFBMDVGAA==', 'status': 'delivered', 'timestamp': '1728637871', 'recipient_id': '905330475085', 'conversation': {'id': 'ed2e6db70ae4d57396bd88daa082d730', 'origin': {'type': 'service'}}, 'pricing': {'billable': True, 'pricing_model': 'CBP', 'category': 'service'}}]}, 'field': 'messages'}]}]}
2024-10-11 09:11:12,755 - wa - INFO - Received status update: {'id': 'wamid.HBgMOTA1MzMwNDc1MDg1FQIAERgSNDBDRUREMkJGMkVDRTFBMDVGAA==', 'status': 'delivered', 'timestamp': '1728637871', 'recipient_id': '905330475085', 'conversation': {'id': 'ed2e6db70ae4d57396bd88daa082d730', 'origin': {'type': 'service'}}, 'pricing': {'billable': True, 'pricing_model': 'CBP', 'category': 'service'}}
2024-10-11 09:11:12,755 - wa - INFO - Broadcasting message: {"type": "status_update", "status": {"id": "wamid.HBgMOTA1MzMwNDc1MDg1FQIAERgSNDBDRUREMkJGMkVDRTFBMDVGAA==", "status": "delivered", "timestamp": "2024-10-11T09:11:11"}}
2024-10-11 09:11:12,756 - wa - INFO - Broadcasting message: {"type": "status_update", "status": {"id": "wamid.HBgMOTA1MzMwNDc1MDg1FQIAERgSNDBDRUREMkJGMkVDRTFBMDVGAA==", "status": "delivered", "timestamp": "1728637871", "recipient_id": "905330475085", "conversation": {"id": "ed2e6db70ae4d57396bd88daa082d730", "origin": {"type": "service"}}, "pricing": {"billable": true, "pricing_model": "CBP", "category": "service"}}}
2024-10-11 09:11:20,746 - wa - INFO - Processing message from 905330475085 - Type: image, ID: wamid.HBgMOTA1MzMwNDc1MDg1FQIAEhgUM0FBM0Q0OTgzMkRCQUU1Mzk2NTUA
2024-10-11 09:11:20,746 - wa - INFO - Processing image message from user 905330475085
2024-10-11 09:11:20,746 - wa - INFO - Image ID: 1093463825643192
2024-10-11 09:11:21,803 - wa - ERROR - Error processing image: object str can't be used in 'await' expression
Traceback (most recent call last):
  File "/home/runner/noodWP/wa140.py", line 495, in handle_message
    await client.send_message(to=user_id, text=result)
TypeError: object str can't be used in 'await' expression
2024-10-11 09:11:22,320 - wa - INFO - Received raw update: {'object': 'whatsapp_business_account', 'entry': [{'id': '401099046422459', 'changes': [{'value': {'messaging_product': 'whatsapp', 'metadata': {'display_phone_number': '905058247090', 'phone_number_id': '347058841835061'}, 'contacts': [{'profile': {'name': 'G'}, 'wa_id': '905330475085'}], 'messages': [{'from': '905330475085', 'id': 'wamid.HBgMOTA1MzMwNDc1MDg1FQIAEhgUM0FBM0Q0OTgzMkRCQUU1Mzk2NTUA', 'timestamp': '1728637877', 'type': 'image', 'image': {'mime_type': 'image/jpeg', 'sha256': '46Nzn1IjIlFd1onZMJxArqnPdXazXMVoXow0nsBrKj8=', 'id': '1093463825643192'}}]}, 'field': 'messages'}]}]}
2024-10-11 09:11:22,320 - wa - INFO - Received image message from 905330475085
2024-10-11 09:11:22,321 - wa - INFO - Broadcasting message: {"type": "new_message", "message": {"id": "wamid.HBgMOTA1MzMwNDc1MDg1FQIAEhgUM0FBM0Q0OTgzMkRCQUU1Mzk2NTUA", "from": "905330475085", "to": "347058841835061", "timestamp": "2024-10-11T09:11:22.320521", "status": "received", "type": "image", "image": {"id": "1093463825643192", "mime_type": "image/jpeg"}}}
2024-10-11 09:11:22,321 - wa - INFO - Processing message from 905330475085 - Type: image, ID: wamid.HBgMOTA1MzMwNDc1MDg1FQIAEhgUM0FBM0Q0OTgzMkRCQUU1Mzk2NTUA
2024-10-11 09:11:22,321 - wa - INFO - Processing image message from user 905330475085
2024-10-11 09:11:23,057 - wa - INFO - Message status update: sent for message wamid.HBgMOTA1MzMwNDc1MDg1FQIAERgSQjc3ODcyMTE1MkNFNEZDMURGAA==
2024-10-11 09:11:23,057 - wa - INFO - Received raw update: {'object': 'whatsapp_business_account', 'entry': [{'id': '401099046422459', 'changes': [{'value': {'messaging_product': 'whatsapp', 'metadata': {'display_phone_number': '905058247090', 'phone_number_id': '347058841835061'}, 'statuses': [{'id': 'wamid.HBgMOTA1MzMwNDc1MDg1FQIAERgSQjc3ODcyMTE1MkNFNEZDMURGAA==', 'status': 'sent', 'timestamp': '1728637881', 'recipient_id': '905330475085', 'conversation': {'id': 'ed2e6db70ae4d57396bd88daa082d730', 'expiration_timestamp': '1728724260', 'origin': {'type': 'service'}}, 'pricing': {'billable': True, 'pricing_model': 'CBP', 'category': 'service'}}]}, 'field': 'messages'}]}]}
2024-10-11 09:11:23,057 - wa - INFO - Received status update: {'id': 'wamid.HBgMOTA1MzMwNDc1MDg1FQIAERgSQjc3ODcyMTE1MkNFNEZDMURGAA==', 'status': 'sent', 'timestamp': '1728637881', 'recipient_id': '905330475085', 'conversation': {'id': 'ed2e6db70ae4d57396bd88daa082d730', 'expiration_timestamp': '1728724260', 'origin': {'type': 'service'}}, 'pricing': {'billable': True, 'pricing_model': 'CBP', 'category': 'service'}}
2024-10-11 09:11:23,058 - wa - INFO - Broadcasting message: {"type": "status_update", "status": {"id": "wamid.HBgMOTA1MzMwNDc1MDg1FQIAERgSQjc3ODcyMTE1MkNFNEZDMURGAA==", "status": "sent", "timestamp": "2024-10-11T09:11:21"}}
2024-10-11 09:11:23,059 - wa - INFO - Broadcasting message: {"type": "status_update", "status": {"id": "wamid.HBgMOTA1MzMwNDc1MDg1FQIAERgSQjc3ODcyMTE1MkNFNEZDMURGAA==", "status": "sent", "timestamp": "1728637881", "recipient_id": "905330475085", "conversation": {"id": "ed2e6db70ae4d57396bd88daa082d730", "expiration_timestamp": "1728724260", "origin": {"type": "service"}}, "pricing": {"billable": true, "pricing_model": "CBP", "category": "service"}}}
2024-10-11 09:11:23,613 - wa - INFO - Message status update: delivered for message wamid.HBgMOTA1MzMwNDc1MDg1FQIAERgSQjc3ODcyMTE1MkNFNEZDMURGAA==
2024-10-11 09:11:23,614 - wa - INFO - Received raw update: {'object': 'whatsapp_business_account', 'entry': [{'id': '401099046422459', 'changes': [{'value': {'messaging_product': 'whatsapp', 'metadata': {'display_phone_number': '905058247090', 'phone_number_id': '347058841835061'}, 'statuses': [{'id': 'wamid.HBgMOTA1MzMwNDc1MDg1FQIAERgSQjc3ODcyMTE1MkNFNEZDMURGAA==', 'status': 'delivered', 'timestamp': '1728637882', 'recipient_id': '905330475085', 'conversation': {'id': 'ed2e6db70ae4d57396bd88daa082d730', 'origin': {'type': 'service'}}, 'pricing': {'billable': True, 'pricing_model': 'CBP', 'category': 'service'}}]}, 'field': 'messages'}]}]}
2024-10-11 09:11:23,614 - wa - INFO - Received status update: {'id': 'wamid.HBgMOTA1MzMwNDc1MDg1FQIAERgSQjc3ODcyMTE1MkNFNEZDMURGAA==', 'status': 'delivered', 'timestamp': '1728637882', 'recipient_id': '905330475085', 'conversation': {'id': 'ed2e6db70ae4d57396bd88daa082d730', 'origin': {'type': 'service'}}, 'pricing': {'billable': True, 'pricing_model': 'CBP', 'category': 'service'}}
2024-10-11 09:11:23,614 - wa - INFO - Broadcasting message: {"type": "status_update", "status": {"id": "wamid.HBgMOTA1MzMwNDc1MDg1FQIAERgSQjc3ODcyMTE1MkNFNEZDMURGAA==", "status": "delivered", "timestamp": "2024-10-11T09:11:22"}}
2024-10-11 09:11:23,615 - wa - INFO - Broadcasting message: {"type": "status_update", "status": {"id": "wamid.HBgMOTA1MzMwNDc1MDg1FQIAERgSQjc3ODcyMTE1MkNFNEZDMURGAA==", "status": "delivered", "timestamp": "1728637882", "recipient_id": "905330475085", "conversation": {"id": "ed2e6db70ae4d57396bd88daa082d730", "origin": {"type": "service"}}, "pricing": {"billable": true, "pricing_model": "CBP", "category": "service"}}}
2024-10-11 09:11:23,695 - wa - INFO - Message status update: sent for message wamid.HBgMOTA1MzMwNDc1MDg1FQIAERgSMUE5RkJCQUY5NjNBNTY0RjM3AA==
2024-10-11 09:11:23,695 - wa - INFO - Received raw update: {'object': 'whatsapp_business_account', 'entry': [{'id': '401099046422459', 'changes': [{'value': {'messaging_product': 'whatsapp', 'metadata': {'display_phone_number': '905058247090', 'phone_number_id': '347058841835061'}, 'statuses': [{'id': 'wamid.HBgMOTA1MzMwNDc1MDg1FQIAERgSMUE5RkJCQUY5NjNBNTY0RjM3AA==', 'status': 'sent', 'timestamp': '1728637882', 'recipient_id': '905330475085', 'conversation': {'id': 'ed2e6db70ae4d57396bd88daa082d730', 'expiration_timestamp': '1728724260', 'origin': {'type': 'service'}}, 'pricing': {'billable': True, 'pricing_model': 'CBP', 'category': 'service'}}]}, 'field': 'messages'}]}]}
2024-10-11 09:11:23,695 - wa - INFO - Received status update: {'id': 'wamid.HBgMOTA1MzMwNDc1MDg1FQIAERgSMUE5RkJCQUY5NjNBNTY0RjM3AA==', 'status': 'sent', 'timestamp': '1728637882', 'recipient_id': '905330475085', 'conversation': {'id': 'ed2e6db70ae4d57396bd88daa082d730', 'expiration_timestamp': '1728724260', 'origin': {'type': 'service'}}, 'pricing': {'billable': True, 'pricing_model': 'CBP', 'category': 'service'}}
2024-10-11 09:11:23,696 - wa - INFO - Broadcasting message: {"type": "status_update", "status": {"id": "wamid.HBgMOTA1MzMwNDc1MDg1FQIAERgSMUE5RkJCQUY5NjNBNTY0RjM3AA==", "status": "sent", "timestamp": "2024-10-11T09:11:22"}}
2024-10-11 09:11:23,696 - wa - INFO - Broadcasting message: {"type": "status_update", "status": {"id": "wamid.HBgMOTA1MzMwNDc1MDg1FQIAERgSMUE5RkJCQUY5NjNBNTY0RjM3AA==", "status": "sent", "timestamp": "1728637882", "recipient_id": "905330475085", "conversation": {"id": "ed2e6db70ae4d57396bd88daa082d730", "expiration_timestamp": "1728724260", "origin": {"type": "service"}}, "pricing": {"billable": true, "pricing_model": "CBP", "category": "service"}}}
2024-10-11 09:11:23,724 - wa - INFO - Message status update: read for message wamid.HBgMOTA1MzMwNDc1MDg1FQIAERgSQjc3ODcyMTE1MkNFNEZDMURGAA==
2024-10-11 09:11:23,725 - wa - INFO - Received raw update: {'object': 'whatsapp_business_account', 'entry': [{'id': '401099046422459', 'changes': [{'value': {'messaging_product': 'whatsapp', 'metadata': {'display_phone_number': '905058247090', 'phone_number_id': '347058841835061'}, 'statuses': [{'id': 'wamid.HBgMOTA1MzMwNDc1MDg1FQIAERgSQjc3ODcyMTE1MkNFNEZDMURGAA==', 'status': 'read', 'timestamp': '1728637882', 'recipient_id': '905330475085'}]}, 'field': 'messages'}]}]}
2024-10-11 09:11:23,725 - wa - INFO - Received status update: {'id': 'wamid.HBgMOTA1MzMwNDc1MDg1FQIAERgSQjc3ODcyMTE1MkNFNEZDMURGAA==', 'status': 'read', 'timestamp': '1728637882', 'recipient_id': '905330475085'}
2024-10-11 09:11:23,726 - wa - INFO - Broadcasting message: {"type": "status_update", "status": {"id": "wamid.HBgMOTA1MzMwNDc1MDg1FQIAERgSQjc3ODcyMTE1MkNFNEZDMURGAA==", "status": "read", "timestamp": "2024-10-11T09:11:22"}}
2024-10-11 09:11:23,726 - wa - INFO - Broadcasting message: {"type": "status_update", "status": {"id": "wamid.HBgMOTA1MzMwNDc1MDg1FQIAERgSQjc3ODcyMTE1MkNFNEZDMURGAA==", "status": "read", "timestamp": "1728637882", "recipient_id": "905330475085"}}
2024-10-11 09:11:24,116 - wa - INFO - Message status update: delivered for message wamid.HBgMOTA1MzMwNDc1MDg1FQIAERgSMUE5RkJCQUY5NjNBNTY0RjM3AA==
2024-10-11 09:11:24,116 - wa - INFO - Received raw update: {'object': 'whatsapp_business_account', 'entry': [{'id': '401099046422459', 'changes': [{'value': {'messaging_product': 'whatsapp', 'metadata': {'display_phone_number': '905058247090', 'phone_number_id': '347058841835061'}, 'statuses': [{'id': 'wamid.HBgMOTA1MzMwNDc1MDg1FQIAERgSMUE5RkJCQUY5NjNBNTY0RjM3AA==', 'status': 'delivered', 'timestamp': '1728637882', 'recipient_id': '905330475085', 'conversation': {'id': 'ed2e6db70ae4d57396bd88daa082d730', 'origin': {'type': 'service'}}, 'pricing': {'billable': True, 'pricing_model': 'CBP', 'category': 'service'}}]}, 'field': 'messages'}]}]}
2024-10-11 09:11:24,117 - wa - INFO - Received status update: {'id': 'wamid.HBgMOTA1MzMwNDc1MDg1FQIAERgSMUE5RkJCQUY5NjNBNTY0RjM3AA==', 'status': 'delivered', 'timestamp': '1728637882', 'recipient_id': '905330475085', 'conversation': {'id': 'ed2e6db70ae4d57396bd88daa082d730', 'origin': {'type': 'service'}}, 'pricing': {'billable': True, 'pricing_model': 'CBP', 'category': 'service'}}
2024-10-11 09:11:24,117 - wa - INFO - Broadcasting message: {"type": "status_update", "status": {"id": "wamid.HBgMOTA1MzMwNDc1MDg1FQIAERgSMUE5RkJCQUY5NjNBNTY0RjM3AA==", "status": "delivered", "timestamp": "2024-10-11T09:11:22"}}
2024-10-11 09:11:24,117 - wa - INFO - Broadcasting message: {"type": "status_update", "status": {"id": "wamid.HBgMOTA1MzMwNDc1MDg1FQIAERgSMUE5RkJCQUY5NjNBNTY0RjM3AA==", "status": "delivered", "timestamp": "1728637882", "recipient_id": "905330475085", "conversation": {"id": "ed2e6db70ae4d57396bd88daa082d730", "origin": {"type": "service"}}, "pricing": {"billable": true, "pricing_model": "CBP", "category": "service"}}}
2024-10-11 09:11:25,031 - wa - INFO - Message status update: read for message wamid.HBgMOTA1MzMwNDc1MDg1FQIAERgSMUE5RkJCQUY5NjNBNTY0RjM3AA==
2024-10-11 09:11:25,031 - wa - INFO - Received raw update: {'object': 'whatsapp_business_account', 'entry': [{'id': '401099046422459', 'changes': [{'value': {'messaging_product': 'whatsapp', 'metadata': {'display_phone_number': '905058247090', 'phone_number_id': '347058841835061'}, 'statuses': [{'id': 'wamid.HBgMOTA1MzMwNDc1MDg1FQIAERgSMUE5RkJCQUY5NjNBNTY0RjM3AA==', 'status': 'read', 'timestamp': '1728637883', 'recipient_id': '905330475085'}]}, 'field': 'messages'}]}]}
2024-10-11 09:11:25,031 - wa - INFO - Received status update: {'id': 'wamid.HBgMOTA1MzMwNDc1MDg1FQIAERgSMUE5RkJCQUY5NjNBNTY0RjM3AA==', 'status': 'read', 'timestamp': '1728637883', 'recipient_id': '905330475085'}
2024-10-11 09:11:25,032 - wa - INFO - Broadcasting message: {"type": "status_update", "status": {"id": "wamid.HBgMOTA1MzMwNDc1MDg1FQIAERgSMUE5RkJCQUY5NjNBNTY0RjM3AA==", "status": "read", "timestamp": "2024-10-11T09:11:23"}}
2024-10-11 09:11:25,032 - wa - INFO - Broadcasting message: {"type": "status_update", "status": {"id": "wamid.HBgMOTA1MzMwNDc1MDg1FQIAERgSMUE5RkJCQUY5NjNBNTY0RjM3AA==", "status": "read", "timestamp": "1728637883", "recipient_id": "905330475085"}}
